<?xml version="1.0" encoding="UTF-8"?>
<!-- Generated by org.testng.reporters.JUnitReportReporter -->
<testsuite hostname="Pankajs-MacBook-Air.local" failures="0" tests="1" name="smokeTests.SmokeTest_Kayak" time="22.564" errors="0" timestamp="2024-05-04T07:43:17 IST" skipped="0">
  <testcase classname="smokeTests.SmokeTest_Kayak" name="loginCheckTestKayak" time="22.564"/>
  <system-out>
    <![CDATA[KAYAK
Page title is Search Flights, Hotels & Rental Cars | KAYAK]]>
  </system-out>
</testsuite> <!-- smokeTests.SmokeTest_Kayak -->
