<?xml version="1.0" encoding="UTF-8"?>
<!-- Generated by org.testng.reporters.JUnitReportReporter -->
<testsuite hostname="Pankajs-MacBook-Air.local" failures="0" tests="2" name="base.BaseTestParallel" time="132.163" errors="0" timestamp="2024-05-04T07:43:17 IST" skipped="0">
  <testcase classname="base.BaseTestParallel" name="FirefoxTest" time="20.920"/>
  <system-out/>
  <testcase classname="base.BaseTestParallel" name="ChromeTest" time="111.243"/>
  <system-out/>
</testsuite> <!-- base.BaseTestParallel -->
