<?xml version="1.0" encoding="UTF-8"?>
<!-- Generated by org.testng.reporters.JUnitReportReporter -->
<testsuite hostname="Pankajs-MacBook-Air.local" failures="0" tests="3" name="testCase.KayakTestingDataDriven" time="52.743" errors="0" timestamp="2024-05-04T07:43:17 IST" skipped="0">
  <testcase classname="testCase.KayakTestingDataDriven" name="kayakTest" time="22.548"/>
  <system-out/>
  <testcase classname="testCase.KayakTestingDataDriven" name="kayakTest" time="13.866"/>
  <system-out/>
  <testcase classname="testCase.KayakTestingDataDriven" name="kayakTest" time="16.329"/>
  <system-out/>
</testsuite> <!-- testCase.KayakTestingDataDriven -->
