<?xml version="1.0" encoding="UTF-8"?>
<!-- Generated by org.testng.reporters.JUnitReportReporter -->
<testsuite hostname="Pankajs-MacBook-Air.local" failures="0" tests="2" name="testCase.AnnotationDemo_TestNG" time="0.030" errors="0" timestamp="2024-05-04T07:43:17 IST" skipped="0">
  <testcase classname="testCase.AnnotationDemo_TestNG" name="tCase1" time="0.010"/>
  <system-out/>
  <testcase classname="testCase.AnnotationDemo_TestNG" name="testCase1" time="0.020"/>
  <system-out/>
</testsuite> <!-- testCase.AnnotationDemo_TestNG -->
