<?xml version="1.0" encoding="UTF-8"?>
<!-- Generated by org.testng.reporters.JUnitReportReporter -->
<testsuite hostname="Pankajs-MacBook-Air.local" failures="0" tests="1" name="smokeTests.SmokeTest_MMT" time="27.245" errors="0" timestamp="2024-05-04T07:43:17 IST" skipped="0">
  <testcase classname="smokeTests.SmokeTest_MMT" name="loginCheckTestMMT" time="27.245"/>
  <system-out>
    <![CDATA[MMT
Page title is MakeMyTrip - #1 Travel Website 50% OFF on Hotels, Flights & Holiday]]>
  </system-out>
</testsuite> <!-- smokeTests.SmokeTest_MMT -->
