<?xml version="1.0" encoding="UTF-8"?>
<!-- Generated by org.testng.reporters.JUnitReportReporter -->
<testsuite hostname="Pankajs-MacBook-Air.local" failures="0" tests="3" name="testCase.KayakTestingDataDriven" time="65.670" errors="0" timestamp="2024-04-27T13:12:18 IST" skipped="0">
  <testcase classname="testCase.KayakTestingDataDriven" name="kayakTest" time="18.974"/>
  <system-out/>
  <testcase classname="testCase.KayakTestingDataDriven" name="kayakTest" time="12.459"/>
  <system-out/>
  <testcase classname="testCase.KayakTestingDataDriven" name="kayakTest" time="34.237"/>
  <system-out/>
</testsuite> <!-- testCase.KayakTestingDataDriven -->
