<?xml version="1.0" encoding="UTF-8"?>
<!-- Generated by org.testng.reporters.JUnitReportReporter -->
<testsuite hostname="Pankajs-MacBook-Air.local" failures="0" tests="3" name="testCase.KayakTestingDataDriven" time="32.188" errors="0" timestamp="2024-05-17T12:31:29 IST" skipped="0">
  <testcase classname="testCase.KayakTestingDataDriven" name="kayakTest" time="11.176"/>
  <system-out/>
  <testcase classname="testCase.KayakTestingDataDriven" name="kayakTest" time="10.654"/>
  <system-out/>
  <testcase classname="testCase.KayakTestingDataDriven" name="kayakTest" time="10.358"/>
  <system-out/>
</testsuite> <!-- testCase.KayakTestingDataDriven -->
