<?xml version="1.0" encoding="UTF-8"?>
<!-- Generated by org.testng.reporters.JUnitReportReporter -->
<testsuite hostname="Pankajs-MacBook-Air.local" failures="0" tests="3" name="testCase.KayakTestingDataDriven" time="32.748" errors="0" timestamp="2024-05-17T12:50:25 IST" skipped="0">
  <testcase classname="testCase.KayakTestingDataDriven" name="kayakTest" time="12.909"/>
  <system-out/>
  <testcase classname="testCase.KayakTestingDataDriven" name="kayakTest" time="9.374"/>
  <system-out/>
  <testcase classname="testCase.KayakTestingDataDriven" name="kayakTest" time="10.465"/>
  <system-out/>
</testsuite> <!-- testCase.KayakTestingDataDriven -->
