<?xml version="1.0" encoding="UTF-8"?>
<!-- Generated by org.testng.reporters.JUnitReportReporter -->
<testsuite hostname="Pankajs-MacBook-Air.local" failures="0" tests="1" name="testCase.TestNGAnnotationDemo" time="0.007" errors="0" timestamp="2024-04-27T13:12:18 IST" skipped="0">
  <testcase classname="testCase.TestNGAnnotationDemo" name="testCase1" time="0.007"/>
  <system-out/>
</testsuite> <!-- testCase.TestNGAnnotationDemo -->
